[0.010s] Invoking command in '/home/northee/git/task3a/build/fin': AMENT_PREFIX_PATH=/home/northee/git/task3a/install/ebot_docking:${AMENT_PREFIX_PATH} CMAKE_PREFIX_PATH=/home/northee/git/task3a/install/ebot_docking:/opt/ros/humble LD_LIBRARY_PATH=/home/northee/git/task3a/install/ebot_docking/lib:${LD_LIBRARY_PATH} PYTHONPATH=/home/northee/git/task3a/install/ebot_docking/local/lib/python3.10/dist-packages:${PYTHONPATH} /usr/bin/cmake --build /home/northee/git/task3a/build/fin -- -j24 -l24
[0.029s] [ 33%] Built target arm
[0.029s] [ 83%] [32mBuilding CXX object CMakeFiles/dock.dir/src/dock.cpp.o[0m
[0.029s] [ 83%] Built target nav
[0.118s] [01m[K/home/northee/git/task3a/src/fin/src/dock.cpp:23:10:[m[K [01;31m[Kfatal error: [m[Kusb_servo/srv/servo_sw.hpp: No such file or directory
[0.118s]    23 | #include [01;31m[K<usb_servo/srv/servo_sw.hpp>[m[K
[0.118s]       |          [01;31m[K^~~~~~~~~~~~~~~~~~~~~~~~~~~~[m[K
[0.118s] compilation terminated.
[0.119s] gmake[2]: *** [CMakeFiles/dock.dir/build.make:76: CMakeFiles/dock.dir/src/dock.cpp.o] Error 1
[0.119s] gmake[1]: *** [CMakeFiles/Makefile2:167: CMakeFiles/dock.dir/all] Error 2
[0.119s] gmake: *** [Makefile:146: all] Error 2
[0.121s] Invoked command in '/home/northee/git/task3a/build/fin' returned '2': AMENT_PREFIX_PATH=/home/northee/git/task3a/install/ebot_docking:${AMENT_PREFIX_PATH} CMAKE_PREFIX_PATH=/home/northee/git/task3a/install/ebot_docking:/opt/ros/humble LD_LIBRARY_PATH=/home/northee/git/task3a/install/ebot_docking/lib:${LD_LIBRARY_PATH} PYTHONPATH=/home/northee/git/task3a/install/ebot_docking/local/lib/python3.10/dist-packages:${PYTHONPATH} /usr/bin/cmake --build /home/northee/git/task3a/build/fin -- -j24 -l24
