[01m[K/home/eyantra/LB24/Student/1048/src/fin/src/nav.cpp:[m[K In member function â€˜[01m[Kvoid Nav::send_goal()[m[Kâ€™:
[01m[K/home/eyantra/LB24/Student/1048/src/fin/src/nav.cpp:89:13:[m[K [01;31m[Kerror: [m[Kexpected â€˜[01m[K;[m[Kâ€™ before â€˜[01m[Kif[m[Kâ€™
   89 |             [01;31m[Kif[m[K (dist < 0.05) {
      |             [01;31m[K^~[m[K
gmake[2]: *** [CMakeFiles/nav.dir/build.make:76: CMakeFiles/nav.dir/src/nav.cpp.o] Error 1
gmake[1]: *** [CMakeFiles/Makefile2:165: CMakeFiles/nav.dir/all] Error 2
gmake: *** [Makefile:146: all] Error 2
