[0.013s] Invoking command in '/home/northee/git/task3a/build/fin': AMENT_PREFIX_PATH=/home/northee/git/task3a/install/usb_servo:/home/northee/git/task3a/install/ebot_docking:${AMENT_PREFIX_PATH} CMAKE_PREFIX_PATH=/home/northee/git/task3a/install/usb_servo:/home/northee/git/task3a/install/ebot_docking:/opt/ros/humble LD_LIBRARY_PATH=/home/northee/git/task3a/install/usb_servo/lib:/home/northee/git/task3a/install/ebot_docking/lib:${LD_LIBRARY_PATH} PYTHONPATH=/home/northee/git/task3a/install/usb_servo/local/lib/python3.10/dist-packages:/home/northee/git/task3a/install/ebot_docking/local/lib/python3.10/dist-packages:${PYTHONPATH} /usr/bin/cmake --build /home/northee/git/task3a/build/fin -- -j24 -l24
[0.031s] [ 33%] Built target arm
[0.032s] [ 66%] Built target dock
[0.035s] [ 83%] [32mBuilding CXX object CMakeFiles/nav.dir/src/nav.cpp.o[0m
[1.071s] [01m[K/home/northee/git/task3a/src/fin/src/nav.cpp:38:29:[m[K [01;31m[Kerror: [m[Kexpected identifier before â€˜[01m[K[[m[Kâ€™ token
[1.071s]    38 |     int waypoints_[3][3] = [[01;31m[K[[m[K0.4, -2.4, 3.14], [-4.0, 2.89, -1.57], [2.32, 2.55, -1.57]];
[1.071s]       |                             [01;31m[K^[m[K
[1.071s] [01m[K/home/northee/git/task3a/src/fin/src/nav.cpp:38:46:[m[K [01;31m[Kerror: [m[Kexpected â€˜[01m[K][m[Kâ€™ before â€˜[01m[K,[m[Kâ€™ token
[1.071s]    38 |     int waypoints_[3][3] = [[0.4, -2.4, 3.14][01;31m[K,[m[K [-4.0, 2.89, -1.57], [2.32, 2.55, -1.57]];
[1.071s]       |                                              [01;31m[K^[m[K
[1.071s] [01m[K/home/northee/git/task3a/src/fin/src/nav.cpp:[m[K In lambda function:
[1.071s] [01m[K/home/northee/git/task3a/src/fin/src/nav.cpp:38:46:[m[K [01;31m[Kerror: [m[Kexpected â€˜[01m[K{[m[Kâ€™ before â€˜[01m[K,[m[Kâ€™ token
[1.071s] [01m[K/home/northee/git/task3a/src/fin/src/nav.cpp:[m[K At global scope:
[1.071s] [01m[K/home/northee/git/task3a/src/fin/src/nav.cpp:38:46:[m[K [01;31m[Kerror: [m[Karray must be initialized with a brace-enclosed initializer
[1.071s] [01m[K/home/northee/git/task3a/src/fin/src/nav.cpp:38:46:[m[K [01;31m[Kerror: [m[Kexpected â€˜[01m[K;[m[Kâ€™ before â€˜[01m[K,[m[Kâ€™ token
[2.363s] gmake[2]: *** [CMakeFiles/nav.dir/build.make:76: CMakeFiles/nav.dir/src/nav.cpp.o] Error 1
[2.363s] gmake[1]: *** [CMakeFiles/Makefile2:193: CMakeFiles/nav.dir/all] Error 2
[2.364s] gmake: *** [Makefile:146: all] Error 2
[2.364s] Invoked command in '/home/northee/git/task3a/build/fin' returned '2': AMENT_PREFIX_PATH=/home/northee/git/task3a/install/usb_servo:/home/northee/git/task3a/install/ebot_docking:${AMENT_PREFIX_PATH} CMAKE_PREFIX_PATH=/home/northee/git/task3a/install/usb_servo:/home/northee/git/task3a/install/ebot_docking:/opt/ros/humble LD_LIBRARY_PATH=/home/northee/git/task3a/install/usb_servo/lib:/home/northee/git/task3a/install/ebot_docking/lib:${LD_LIBRARY_PATH} PYTHONPATH=/home/northee/git/task3a/install/usb_servo/local/lib/python3.10/dist-packages:/home/northee/git/task3a/install/ebot_docking/local/lib/python3.10/dist-packages:${PYTHONPATH} /usr/bin/cmake --build /home/northee/git/task3a/build/fin -- -j24 -l24
