[ 16%] [32mBuilding CXX object CMakeFiles/nav.dir/src/nav.cpp.o[0m
[ 50%] Built target dock
[ 83%] Built target arm
[01m[K/home/northee/git/task3a/src/fin/src/nav.cpp:[m[K In member function â€˜[01m[Kvoid Nav::call_passing_service()[m[Kâ€™:
[01m[K/home/northee/git/task3a/src/fin/src/nav.cpp:71:9:[m[K [01;31m[Kerror: [m[Kexpected unqualified-id before â€˜[01m[K}[m[Kâ€™ token
   71 |         [01;31m[K}[m[K
      |         [01;31m[K^[m[K
[01m[K/home/northee/git/task3a/src/fin/src/nav.cpp:71:9:[m[K [01;31m[Kerror: [m[Kexpected â€˜[01m[K,[m[Kâ€™ or â€˜[01m[K;[m[Kâ€™ before â€˜[01m[K}[m[Kâ€™ token
gmake[2]: *** [CMakeFiles/nav.dir/build.make:76: CMakeFiles/nav.dir/src/nav.cpp.o] Error 1
gmake[1]: *** [CMakeFiles/Makefile2:193: CMakeFiles/nav.dir/all] Error 2
gmake: *** [Makefile:146: all] Error 2
