[0.011s] Invoking command in '/home/northee/git/task3a/build/fin': CMAKE_PREFIX_PATH=/home/northee/git/task3a/install/usb_servo:/home/northee/git/task3a/install/ebot_docking:/home/northee/git/task3a/install/fin:/home/northee/eyrc/eyrc_ws/install/ur_simulation_gazebo:/home/northee/eyrc/eyrc_ws/install/ur_moveit_config:/home/northee/eyrc/eyrc_ws/install/ur_description:/home/northee/eyrc/eyrc_ws/install/servo_msgs:/home/northee/eyrc/eyrc_ws/install/realsense_gazebo_plugin:/home/northee/eyrc/eyrc_ws/install/pymoveit2:/home/northee/eyrc/eyrc_ws/install/ebot_description:/home/northee/eyrc/eyrc_ws/install/payload_service:/home/northee/eyrc/eyrc_ws/install/linkattacher_msgs:/home/northee/eyrc/eyrc_ws/install/eyantra_warehouse:/home/northee/eyrc/eyrc_ws/install/ebot_nav2:/home/northee/eyrc/eyrc_ws/install/ebot_docking:/home/northee/git/task3a/install/ur_moveit_config:/home/northee/git/task3a/install/pymoveit2:/home/northee/git/task3a/install/ebot_nav2:/home/northee/ROS2/turtle_ws/install/final_project:/home/northee/ROS2/turtle_ws/install/my_robot_interfaces:/home/northee/ROS2/turtle_ws/install/cpp_srv:/home/northee/ROS2/turtle_ws/install/cpp_pub:/home/northee/ROS2/mhr_ws/install/mhbot_bringup:/home/northee/ROS2/mhr_ws/install/mhbot_description:/home/northee/ROS2/mhr_ws/install/mhbot_nav2:/home/northee/ROS2/mhr_ws/install/conveyor_belt:/home/northee/ROS2/urdf_ws/install/sam_bot_description:/home/northee/ROS2/urdf_ws/install/rrbot_gazebo:/home/northee/ROS2/urdf_ws/install/rrbot_services:/home/northee/ROS2/urdf_ws/install/rrbot_description:/home/northee/ROS2/urdf_ws/install/ros2_control_demos:/home/northee/ROS2/urdf_ws/install/ros2_control_demo_example_9:/home/northee/ROS2/urdf_ws/install/ros2_control_demo_example_8:/home/northee/ROS2/urdf_ws/install/ros2_control_demo_example_7:/home/northee/ROS2/urdf_ws/install/ros2_control_demo_example_6:/home/northee/ROS2/urdf_ws/install/ros2_control_demo_example_15:/home/northee/ROS2/urdf_ws/install/ros2_control_demo_example_5:/home/northee/ROS2/urdf_ws/install/ros2_control_demo_example_4:/home/northee/ROS2/urdf_ws/install/ros2_control_demo_example_3:/home/northee/ROS2/urdf_ws/install/ros2_control_demo_example_2:/home/northee/ROS2/urdf_ws/install/ros2_control_demo_example_14:/home/northee/ROS2/urdf_ws/install/ros2_control_demo_example_12:/home/northee/ROS2/urdf_ws/install/ros2_control_demo_example_11:/home/northee/ROS2/urdf_ws/install/ros2_control_demo_example_10:/home/northee/ROS2/urdf_ws/install/ros2_control_demo_example_1:/home/northee/ROS2/urdf_ws/install/ros2_control_demo_description:/home/northee/ROS2/urdf_ws/install/my_robot_bringup:/home/northee/ROS2/urdf_ws/install/my_robot_description:/home/northee/ROS2/urdf_ws/install/gazebo_ros2_control_demos:/home/northee/ROS2/urdf_ws/install/gazebo_ros2_control:/home/northee/eyrc/eyrc_ws/install/ur5_control:/home/northee/eyrc/eyrc_ws/install/bot:/home/northee/git/task3a/install/ur5_control:/home/northee/git/task3a/install/ff:/home/northee/git/task3a/install/bot:/home/northee/ROS2/turtle_ws/install/turtle_final:/home/northee/ROS2/turtle_ws/install/service_tut:/home/northee/ROS2/turtle_ws/install/first_pkg:/home/northee/ROS2/turtle_ws/install/exercise_1:/home/northee/ROS2/turtle_ws/install/arena_25:/home/northee/ROS2/urdf_ws/install/py_pubsub:/home/northee/ROS2/urdf_ws/install/ros2_control_demo_testing:/opt/ros/humble LD_LIBRARY_PATH=/home/northee/git/task3a/install/usb_servo/lib:/home/northee/git/task3a/install/ebot_docking/lib:/home/northee/eyrc/eyrc_ws/install/servo_msgs/lib:/home/northee/eyrc/eyrc_ws/install/realsense_gazebo_plugin/lib:/home/northee/eyrc/eyrc_ws/install/payload_service/lib:/home/northee/eyrc/eyrc_ws/install/linkattacher_msgs/lib:/home/northee/ROS2/turtle_ws/install/my_robot_interfaces/lib:/home/northee/ROS2/mhr_ws/install/conveyor_belt/lib:/home/northee/ROS2/urdf_ws/install/rrbot_services/lib:/home/northee/ROS2/urdf_ws/install/ros2_control_demo_example_9/lib:/home/northee/ROS2/urdf_ws/install/ros2_control_demo_example_8/lib:/home/northee/ROS2/urdf_ws/install/ros2_control_demo_example_7/lib:/home/northee/ROS2/urdf_ws/install/ros2_control_demo_example_6/lib:/home/northee/ROS2/urdf_ws/install/ros2_control_demo_example_5/lib:/home/northee/ROS2/urdf_ws/install/ros2_control_demo_example_4/lib:/home/northee/ROS2/urdf_ws/install/ros2_control_demo_example_3/lib:/home/northee/ROS2/urdf_ws/install/ros2_control_demo_example_2/lib:/home/northee/ROS2/urdf_ws/install/ros2_control_demo_example_14/lib:/home/northee/ROS2/urdf_ws/install/ros2_control_demo_example_12/lib:/home/northee/ROS2/urdf_ws/install/ros2_control_demo_example_11/lib:/home/northee/ROS2/urdf_ws/install/ros2_control_demo_example_10/lib:/home/northee/ROS2/urdf_ws/install/ros2_control_demo_example_1/lib:/home/northee/ROS2/urdf_ws/install/gazebo_ros2_control/lib:/usr/lib/x86_64-linux-gnu/gazebo-11/plugins:/opt/ros/humble/opt/rviz_ogre_vendor/lib:/opt/ros/humble/lib/x86_64-linux-gnu:/opt/ros/humble/lib:/usr/share/gazebo/../../lib/x86_64-linux-gnu/gazebo-11/plugins:/usr/share/gazebo/../../lib/x86_64-linux-gnu/gazebo-11/plugins:/usr/share/gazebo/../../lib/x86_64-linux-gnu/gazebo-11/plugins:/usr/share/gazebo/../../lib/x86_64-linux-gnu/gazebo-11/plugins:/usr/share/gazebo/../../lib/x86_64-linux-gnu/gazebo-11/plugins:/usr/share/gazebo/../../lib/x86_64-linux-gnu/gazebo-11/plugins /usr/bin/cmake --build /home/northee/git/task3a/build/fin -- -j24 -l24
[0.030s] [ 16%] [32mBuilding CXX object CMakeFiles/nav.dir/src/nav.cpp.o[0m
[0.032s] [ 50%] Built target dock
[0.033s] [ 83%] Built target arm
[1.052s] [01m[K/home/northee/git/task3a/src/fin/src/nav.cpp:[m[K In member function â€˜[01m[Kvoid Nav::call_passing_service()[m[Kâ€™:
[1.052s] [01m[K/home/northee/git/task3a/src/fin/src/nav.cpp:71:9:[m[K [01;31m[Kerror: [m[Kexpected unqualified-id before â€˜[01m[K}[m[Kâ€™ token
[1.052s]    71 |         [01;31m[K}[m[K
[1.052s]       |         [01;31m[K^[m[K
[1.052s] [01m[K/home/northee/git/task3a/src/fin/src/nav.cpp:71:9:[m[K [01;31m[Kerror: [m[Kexpected â€˜[01m[K,[m[Kâ€™ or â€˜[01m[K;[m[Kâ€™ before â€˜[01m[K}[m[Kâ€™ token
[1.369s] gmake[2]: *** [CMakeFiles/nav.dir/build.make:76: CMakeFiles/nav.dir/src/nav.cpp.o] Error 1
[1.369s] gmake[1]: *** [CMakeFiles/Makefile2:193: CMakeFiles/nav.dir/all] Error 2
[1.369s] gmake: *** [Makefile:146: all] Error 2
[1.370s] Invoked command in '/home/northee/git/task3a/build/fin' returned '2': CMAKE_PREFIX_PATH=/home/northee/git/task3a/install/usb_servo:/home/northee/git/task3a/install/ebot_docking:/home/northee/git/task3a/install/fin:/home/northee/eyrc/eyrc_ws/install/ur_simulation_gazebo:/home/northee/eyrc/eyrc_ws/install/ur_moveit_config:/home/northee/eyrc/eyrc_ws/install/ur_description:/home/northee/eyrc/eyrc_ws/install/servo_msgs:/home/northee/eyrc/eyrc_ws/install/realsense_gazebo_plugin:/home/northee/eyrc/eyrc_ws/install/pymoveit2:/home/northee/eyrc/eyrc_ws/install/ebot_description:/home/northee/eyrc/eyrc_ws/install/payload_service:/home/northee/eyrc/eyrc_ws/install/linkattacher_msgs:/home/northee/eyrc/eyrc_ws/install/eyantra_warehouse:/home/northee/eyrc/eyrc_ws/install/ebot_nav2:/home/northee/eyrc/eyrc_ws/install/ebot_docking:/home/northee/git/task3a/install/ur_moveit_config:/home/northee/git/task3a/install/pymoveit2:/home/northee/git/task3a/install/ebot_nav2:/home/northee/ROS2/turtle_ws/install/final_project:/home/northee/ROS2/turtle_ws/install/my_robot_interfaces:/home/northee/ROS2/turtle_ws/install/cpp_srv:/home/northee/ROS2/turtle_ws/install/cpp_pub:/home/northee/ROS2/mhr_ws/install/mhbot_bringup:/home/northee/ROS2/mhr_ws/install/mhbot_description:/home/northee/ROS2/mhr_ws/install/mhbot_nav2:/home/northee/ROS2/mhr_ws/install/conveyor_belt:/home/northee/ROS2/urdf_ws/install/sam_bot_description:/home/northee/ROS2/urdf_ws/install/rrbot_gazebo:/home/northee/ROS2/urdf_ws/install/rrbot_services:/home/northee/ROS2/urdf_ws/install/rrbot_description:/home/northee/ROS2/urdf_ws/install/ros2_control_demos:/home/northee/ROS2/urdf_ws/install/ros2_control_demo_example_9:/home/northee/ROS2/urdf_ws/install/ros2_control_demo_example_8:/home/northee/ROS2/urdf_ws/install/ros2_control_demo_example_7:/home/northee/ROS2/urdf_ws/install/ros2_control_demo_example_6:/home/northee/ROS2/urdf_ws/install/ros2_control_demo_example_15:/home/northee/ROS2/urdf_ws/install/ros2_control_demo_example_5:/home/northee/ROS2/urdf_ws/install/ros2_control_demo_example_4:/home/northee/ROS2/urdf_ws/install/ros2_control_demo_example_3:/home/northee/ROS2/urdf_ws/install/ros2_control_demo_example_2:/home/northee/ROS2/urdf_ws/install/ros2_control_demo_example_14:/home/northee/ROS2/urdf_ws/install/ros2_control_demo_example_12:/home/northee/ROS2/urdf_ws/install/ros2_control_demo_example_11:/home/northee/ROS2/urdf_ws/install/ros2_control_demo_example_10:/home/northee/ROS2/urdf_ws/install/ros2_control_demo_example_1:/home/northee/ROS2/urdf_ws/install/ros2_control_demo_description:/home/northee/ROS2/urdf_ws/install/my_robot_bringup:/home/northee/ROS2/urdf_ws/install/my_robot_description:/home/northee/ROS2/urdf_ws/install/gazebo_ros2_control_demos:/home/northee/ROS2/urdf_ws/install/gazebo_ros2_control:/home/northee/eyrc/eyrc_ws/install/ur5_control:/home/northee/eyrc/eyrc_ws/install/bot:/home/northee/git/task3a/install/ur5_control:/home/northee/git/task3a/install/ff:/home/northee/git/task3a/install/bot:/home/northee/ROS2/turtle_ws/install/turtle_final:/home/northee/ROS2/turtle_ws/install/service_tut:/home/northee/ROS2/turtle_ws/install/first_pkg:/home/northee/ROS2/turtle_ws/install/exercise_1:/home/northee/ROS2/turtle_ws/install/arena_25:/home/northee/ROS2/urdf_ws/install/py_pubsub:/home/northee/ROS2/urdf_ws/install/ros2_control_demo_testing:/opt/ros/humble LD_LIBRARY_PATH=/home/northee/git/task3a/install/usb_servo/lib:/home/northee/git/task3a/install/ebot_docking/lib:/home/northee/eyrc/eyrc_ws/install/servo_msgs/lib:/home/northee/eyrc/eyrc_ws/install/realsense_gazebo_plugin/lib:/home/northee/eyrc/eyrc_ws/install/payload_service/lib:/home/northee/eyrc/eyrc_ws/install/linkattacher_msgs/lib:/home/northee/ROS2/turtle_ws/install/my_robot_interfaces/lib:/home/northee/ROS2/mhr_ws/install/conveyor_belt/lib:/home/northee/ROS2/urdf_ws/install/rrbot_services/lib:/home/northee/ROS2/urdf_ws/install/ros2_control_demo_example_9/lib:/home/northee/ROS2/urdf_ws/install/ros2_control_demo_example_8/lib:/home/northee/ROS2/urdf_ws/install/ros2_control_demo_example_7/lib:/home/northee/ROS2/urdf_ws/install/ros2_control_demo_example_6/lib:/home/northee/ROS2/urdf_ws/install/ros2_control_demo_example_5/lib:/home/northee/ROS2/urdf_ws/install/ros2_control_demo_example_4/lib:/home/northee/ROS2/urdf_ws/install/ros2_control_demo_example_3/lib:/home/northee/ROS2/urdf_ws/install/ros2_control_demo_example_2/lib:/home/northee/ROS2/urdf_ws/install/ros2_control_demo_example_14/lib:/home/northee/ROS2/urdf_ws/install/ros2_control_demo_example_12/lib:/home/northee/ROS2/urdf_ws/install/ros2_control_demo_example_11/lib:/home/northee/ROS2/urdf_ws/install/ros2_control_demo_example_10/lib:/home/northee/ROS2/urdf_ws/install/ros2_control_demo_example_1/lib:/home/northee/ROS2/urdf_ws/install/gazebo_ros2_control/lib:/usr/lib/x86_64-linux-gnu/gazebo-11/plugins:/opt/ros/humble/opt/rviz_ogre_vendor/lib:/opt/ros/humble/lib/x86_64-linux-gnu:/opt/ros/humble/lib:/usr/share/gazebo/../../lib/x86_64-linux-gnu/gazebo-11/plugins:/usr/share/gazebo/../../lib/x86_64-linux-gnu/gazebo-11/plugins:/usr/share/gazebo/../../lib/x86_64-linux-gnu/gazebo-11/plugins:/usr/share/gazebo/../../lib/x86_64-linux-gnu/gazebo-11/plugins:/usr/share/gazebo/../../lib/x86_64-linux-gnu/gazebo-11/plugins:/usr/share/gazebo/../../lib/x86_64-linux-gnu/gazebo-11/plugins /usr/bin/cmake --build /home/northee/git/task3a/build/fin -- -j24 -l24
