[01m[K/home/northee/git/task3a/src/fin/src/nav.cpp:38:5:[m[K [01;31m[Kerror: [m[Kinvalid use of template-name â€˜[01m[Kstd::vector[m[Kâ€™ without an argument list
   38 |     [01;31m[Kstd[m[K::vector waypoints_ = {{0.4, -2.4, 3.14}, {-4.0, 2.89, -1.57}, {2.32, 2.55, -1.57}};
      |     [01;31m[K^~~[m[K
[01m[K/home/northee/git/task3a/src/fin/src/nav.cpp:[m[K In member function â€˜[01m[Kvoid Nav::callback_call_dock()[m[Kâ€™:
[01m[K/home/northee/git/task3a/src/fin/src/nav.cpp:118:27:[m[K [01;31m[Kerror: [m[Kâ€˜[01m[Kwaypoints_queue[m[Kâ€™ was not declared in this scope; did you mean â€˜[01m[Kwaypoints_[m[Kâ€™?
  118 |         request->target = [01;31m[Kwaypoints_queue[m[K[waypoint_index_];
      |                           [01;31m[K^~~~~~~~~~~~~~~[m[K
      |                           [32m[Kwaypoints_[m[K
In file included from [01m[K/opt/ros/humble/include/rclcpp/rclcpp/logging.hpp:24[m[K,
                 from [01m[K/opt/ros/humble/include/rclcpp/rclcpp/client.hpp:40[m[K,
                 from [01m[K/home/northee/git/task3a/src/fin/src/nav.cpp:9[m[K:
[01m[K/home/northee/git/task3a/src/fin/src/nav.cpp:[m[K In member function â€˜[01m[Kvoid Nav::callback_pass_done_sub(std_msgs::msg::Bool_<std::allocator<void> >::SharedPtr)[m[Kâ€™:
[01m[K/home/northee/git/task3a/src/fin/src/nav.cpp:181:65:[m[K [01;31m[Kerror: [m[Kâ€˜[01m[Kwaypoints_queue[m[Kâ€™ was not declared in this scope; did you mean â€˜[01m[Kwaypoints_[m[Kâ€™?
  181 |             RCLCPP_INFO(this->get_logger(), "current_index %d", [01;31m[Kwaypoints_queue[m[K[waypoint_index_]);
      |                                                                 [01;31m[K^~~~~~~~~~~~~~~[m[K
gmake[2]: *** [CMakeFiles/nav.dir/build.make:76: CMakeFiles/nav.dir/src/nav.cpp.o] Error 1
gmake[1]: *** [CMakeFiles/Makefile2:193: CMakeFiles/nav.dir/all] Error 2
gmake: *** [Makefile:146: all] Error 2
