[0.008s] Invoking command in '/home/northee/git/task3a/build/fin': AMENT_PREFIX_PATH=/home/northee/git/task3a/install/usb_servo:/home/northee/git/task3a/install/ebot_docking:${AMENT_PREFIX_PATH} CMAKE_PREFIX_PATH=/home/northee/git/task3a/install/usb_servo:/home/northee/git/task3a/install/ebot_docking:/opt/ros/humble LD_LIBRARY_PATH=/home/northee/git/task3a/install/usb_servo/lib:/home/northee/git/task3a/install/ebot_docking/lib:${LD_LIBRARY_PATH} PYTHONPATH=/home/northee/git/task3a/install/usb_servo/local/lib/python3.10/dist-packages:/home/northee/git/task3a/install/ebot_docking/local/lib/python3.10/dist-packages:${PYTHONPATH} /usr/bin/cmake --build /home/northee/git/task3a/build/fin -- -j24 -l24
[0.027s] [ 33%] Built target arm
[0.027s] [ 66%] Built target dock
[0.030s] [ 83%] [32mBuilding CXX object CMakeFiles/nav.dir/src/nav.cpp.o[0m
[1.027s] [01m[K/home/northee/git/task3a/src/fin/src/nav.cpp:38:5:[m[K [01;31m[Kerror: [m[Kinvalid use of template-name â€˜[01m[Kstd::vector[m[Kâ€™ without an argument list
[1.027s]    38 |     [01;31m[Kstd[m[K::vector waypoints_ = {{0.4, -2.4, 3.14}, {-4.0, 2.89, -1.57}, {2.32, 2.55, -1.57}};
[1.027s]       |     [01;31m[K^~~[m[K
[1.113s] [01m[K/home/northee/git/task3a/src/fin/src/nav.cpp:[m[K In member function â€˜[01m[Kvoid Nav::callback_call_dock()[m[Kâ€™:
[1.113s] [01m[K/home/northee/git/task3a/src/fin/src/nav.cpp:118:27:[m[K [01;31m[Kerror: [m[Kâ€˜[01m[Kwaypoints_queue[m[Kâ€™ was not declared in this scope; did you mean â€˜[01m[Kwaypoints_[m[Kâ€™?
[1.113s]   118 |         request->target = [01;31m[Kwaypoints_queue[m[K[waypoint_index_];
[1.113s]       |                           [01;31m[K^~~~~~~~~~~~~~~[m[K
[1.113s]       |                           [32m[Kwaypoints_[m[K
[1.120s] In file included from [01m[K/opt/ros/humble/include/rclcpp/rclcpp/logging.hpp:24[m[K,
[1.120s]                  from [01m[K/opt/ros/humble/include/rclcpp/rclcpp/client.hpp:40[m[K,
[1.120s]                  from [01m[K/home/northee/git/task3a/src/fin/src/nav.cpp:9[m[K:
[1.120s] [01m[K/home/northee/git/task3a/src/fin/src/nav.cpp:[m[K In member function â€˜[01m[Kvoid Nav::callback_pass_done_sub(std_msgs::msg::Bool_<std::allocator<void> >::SharedPtr)[m[Kâ€™:
[1.120s] [01m[K/home/northee/git/task3a/src/fin/src/nav.cpp:181:65:[m[K [01;31m[Kerror: [m[Kâ€˜[01m[Kwaypoints_queue[m[Kâ€™ was not declared in this scope; did you mean â€˜[01m[Kwaypoints_[m[Kâ€™?
[1.120s]   181 |             RCLCPP_INFO(this->get_logger(), "current_index %d", [01;31m[Kwaypoints_queue[m[K[waypoint_index_]);
[1.120s]       |                                                                 [01;31m[K^~~~~~~~~~~~~~~[m[K
[2.390s] gmake[2]: *** [CMakeFiles/nav.dir/build.make:76: CMakeFiles/nav.dir/src/nav.cpp.o] Error 1
[2.390s] gmake[1]: *** [CMakeFiles/Makefile2:193: CMakeFiles/nav.dir/all] Error 2
[2.391s] gmake: *** [Makefile:146: all] Error 2
[2.392s] Invoked command in '/home/northee/git/task3a/build/fin' returned '2': AMENT_PREFIX_PATH=/home/northee/git/task3a/install/usb_servo:/home/northee/git/task3a/install/ebot_docking:${AMENT_PREFIX_PATH} CMAKE_PREFIX_PATH=/home/northee/git/task3a/install/usb_servo:/home/northee/git/task3a/install/ebot_docking:/opt/ros/humble LD_LIBRARY_PATH=/home/northee/git/task3a/install/usb_servo/lib:/home/northee/git/task3a/install/ebot_docking/lib:${LD_LIBRARY_PATH} PYTHONPATH=/home/northee/git/task3a/install/usb_servo/local/lib/python3.10/dist-packages:/home/northee/git/task3a/install/ebot_docking/local/lib/python3.10/dist-packages:${PYTHONPATH} /usr/bin/cmake --build /home/northee/git/task3a/build/fin -- -j24 -l24
