[ 33%] Built target arm
[ 66%] Built target dock
[ 83%] [32mBuilding CXX object CMakeFiles/nav.dir/src/nav.cpp.o[0m
[01m[K/home/northee/git/task3a/src/fin/src/nav.cpp:38:5:[m[K [01;31m[Kerror: [m[Kâ€˜[01m[Kwaypoints_[m[Kâ€™ does not name a type
   38 |     [01;31m[Kwaypoints_[m[K = {{0.4, -2.4, 3.14}, {-4.0, 2.89, -1.57}, {2.32, 2.55, -1.57}};
      |     [01;31m[K^~~~~~~~~~[m[K
[01m[K/home/northee/git/task3a/src/fin/src/nav.cpp:38:79:[m[K [01;35m[Kwarning: [m[Kextra â€˜[01m[K;[m[Kâ€™ [[01;35m[K]8;;https://gcc.gnu.org/onlinedocs/gcc/Warning-Options.html#index-Wpedantic-Wpedantic]8;;[m[K]
   38 |     waypoints_ = {{0.4, -2.4, 3.14}, {-4.0, 2.89, -1.57}, {2.32, 2.55, -1.57}}[01;35m[K;[m[K
      |                                                                               [01;35m[K^[m[K
      |                                                                               [31m[K-[m[K
[01m[K/home/northee/git/task3a/src/fin/src/nav.cpp:[m[K In member function â€˜[01m[Kvoid Nav::send_goal()[m[Kâ€™:
[01m[K/home/northee/git/task3a/src/fin/src/nav.cpp:62:41:[m[K [01;31m[Kerror: [m[Kâ€˜[01m[Kwaypoints_[m[Kâ€™ was not declared in this scope
   62 |         goal_msg.pose.pose.position.x = [01;31m[Kwaypoints_[m[K[waypoint_index_][0];
      |                                         [01;31m[K^~~~~~~~~~[m[K
gmake[2]: *** [CMakeFiles/nav.dir/build.make:76: CMakeFiles/nav.dir/src/nav.cpp.o] Error 1
gmake[1]: *** [CMakeFiles/Makefile2:193: CMakeFiles/nav.dir/all] Error 2
gmake: *** [Makefile:146: all] Error 2
